{"/Users/spencer.anderson/projects/scriptdle/src/services/game-state.js": {"path":"/Users/spencer.anderson/projects/scriptdle/src/services/game-state.js","all":false,"statementMap":{"0":{"start":{"line":1,"column":0},"end":{"line":1,"column":89}},"4":{"start":{"line":5,"column":0},"end":{"line":5,"column":13}},"5":{"start":{"line":6,"column":0},"end":{"line":6,"column":42}},"6":{"start":{"line":7,"column":0},"end":{"line":7,"column":46}},"7":{"start":{"line":8,"column":0},"end":{"line":8,"column":40}},"8":{"start":{"line":9,"column":0},"end":{"line":9,"column":37}},"9":{"start":{"line":10,"column":0},"end":{"line":10,"column":40}},"10":{"start":{"line":11,"column":0},"end":{"line":11,"column":35}},"11":{"start":{"line":12,"column":0},"end":{"line":12,"column":41}},"12":{"start":{"line":13,"column":0},"end":{"line":13,"column":45}},"13":{"start":{"line":14,"column":0},"end":{"line":14,"column":79}},"14":{"start":{"line":15,"column":0},"end":{"line":15,"column":40}},"15":{"start":{"line":16,"column":0},"end":{"line":16,"column":43}},"17":{"start":{"line":18,"column":0},"end":{"line":18,"column":90}},"19":{"start":{"line":20,"column":0},"end":{"line":20,"column":40}},"20":{"start":{"line":21,"column":0},"end":{"line":21,"column":17}},"21":{"start":{"line":22,"column":0},"end":{"line":22,"column":37}},"22":{"start":{"line":23,"column":0},"end":{"line":23,"column":39}},"24":{"start":{"line":25,"column":0},"end":{"line":25,"column":49}},"25":{"start":{"line":26,"column":0},"end":{"line":26,"column":20}},"26":{"start":{"line":27,"column":0},"end":{"line":27,"column":40}},"27":{"start":{"line":28,"column":0},"end":{"line":28,"column":56}},"28":{"start":{"line":29,"column":0},"end":{"line":29,"column":50}},"29":{"start":{"line":30,"column":0},"end":{"line":30,"column":38}},"30":{"start":{"line":31,"column":0},"end":{"line":31,"column":36}},"31":{"start":{"line":32,"column":0},"end":{"line":32,"column":38}},"32":{"start":{"line":33,"column":0},"end":{"line":33,"column":54}},"33":{"start":{"line":34,"column":0},"end":{"line":34,"column":54}},"34":{"start":{"line":35,"column":0},"end":{"line":35,"column":61}},"35":{"start":{"line":36,"column":0},"end":{"line":36,"column":19}},"36":{"start":{"line":37,"column":0},"end":{"line":37,"column":40}},"37":{"start":{"line":38,"column":0},"end":{"line":38,"column":48}},"38":{"start":{"line":39,"column":0},"end":{"line":39,"column":39}},"39":{"start":{"line":40,"column":0},"end":{"line":40,"column":36}},"40":{"start":{"line":41,"column":0},"end":{"line":41,"column":38}},"41":{"start":{"line":42,"column":0},"end":{"line":42,"column":58}},"42":{"start":{"line":43,"column":0},"end":{"line":43,"column":19}},"43":{"start":{"line":44,"column":0},"end":{"line":44,"column":20}},"44":{"start":{"line":45,"column":0},"end":{"line":45,"column":66}},"45":{"start":{"line":46,"column":0},"end":{"line":46,"column":76}},"46":{"start":{"line":47,"column":0},"end":{"line":47,"column":13}},"48":{"start":{"line":49,"column":0},"end":{"line":49,"column":55}},"49":{"start":{"line":50,"column":0},"end":{"line":50,"column":48}},"50":{"start":{"line":51,"column":0},"end":{"line":51,"column":42}},"51":{"start":{"line":52,"column":0},"end":{"line":52,"column":52}},"52":{"start":{"line":53,"column":0},"end":{"line":53,"column":60}},"53":{"start":{"line":54,"column":0},"end":{"line":54,"column":54}},"54":{"start":{"line":55,"column":0},"end":{"line":55,"column":56}},"55":{"start":{"line":56,"column":0},"end":{"line":56,"column":37}},"56":{"start":{"line":57,"column":0},"end":{"line":57,"column":16}},"57":{"start":{"line":58,"column":0},"end":{"line":58,"column":43}},"58":{"start":{"line":59,"column":0},"end":{"line":59,"column":72}},"60":{"start":{"line":61,"column":0},"end":{"line":61,"column":20}},"61":{"start":{"line":62,"column":0},"end":{"line":62,"column":37}},"62":{"start":{"line":63,"column":0},"end":{"line":63,"column":37}},"63":{"start":{"line":64,"column":0},"end":{"line":64,"column":32}},"64":{"start":{"line":65,"column":0},"end":{"line":65,"column":38}},"65":{"start":{"line":66,"column":0},"end":{"line":66,"column":42}},"66":{"start":{"line":67,"column":0},"end":{"line":67,"column":34}},"67":{"start":{"line":68,"column":0},"end":{"line":68,"column":40}},"68":{"start":{"line":69,"column":0},"end":{"line":69,"column":37}},"69":{"start":{"line":70,"column":0},"end":{"line":70,"column":9}},"70":{"start":{"line":71,"column":0},"end":{"line":71,"column":7}},"71":{"start":{"line":72,"column":0},"end":{"line":72,"column":1}},"73":{"start":{"line":74,"column":0},"end":{"line":74,"column":68}},"74":{"start":{"line":75,"column":0},"end":{"line":75,"column":39}},"75":{"start":{"line":76,"column":0},"end":{"line":76,"column":22}},"76":{"start":{"line":77,"column":0},"end":{"line":77,"column":67}},"77":{"start":{"line":78,"column":0},"end":{"line":78,"column":67}},"78":{"start":{"line":79,"column":0},"end":{"line":79,"column":37}},"79":{"start":{"line":80,"column":0},"end":{"line":80,"column":9}},"80":{"start":{"line":81,"column":0},"end":{"line":81,"column":17}},"81":{"start":{"line":82,"column":0},"end":{"line":82,"column":1}},"83":{"start":{"line":84,"column":0},"end":{"line":84,"column":56}},"84":{"start":{"line":85,"column":0},"end":{"line":85,"column":33}},"86":{"start":{"line":87,"column":0},"end":{"line":87,"column":17}},"87":{"start":{"line":88,"column":0},"end":{"line":88,"column":88}},"88":{"start":{"line":89,"column":0},"end":{"line":89,"column":33}},"90":{"start":{"line":91,"column":0},"end":{"line":91,"column":27}},"91":{"start":{"line":92,"column":0},"end":{"line":92,"column":37}},"92":{"start":{"line":93,"column":0},"end":{"line":93,"column":9}},"94":{"start":{"line":95,"column":0},"end":{"line":95,"column":26}},"95":{"start":{"line":96,"column":0},"end":{"line":96,"column":41}},"96":{"start":{"line":97,"column":0},"end":{"line":97,"column":9}},"98":{"start":{"line":99,"column":0},"end":{"line":99,"column":42}},"99":{"start":{"line":100,"column":0},"end":{"line":100,"column":18}},"100":{"start":{"line":101,"column":0},"end":{"line":101,"column":31}},"101":{"start":{"line":102,"column":0},"end":{"line":102,"column":36}},"102":{"start":{"line":103,"column":0},"end":{"line":103,"column":48}},"103":{"start":{"line":104,"column":0},"end":{"line":104,"column":16}},"104":{"start":{"line":105,"column":0},"end":{"line":105,"column":35}},"105":{"start":{"line":106,"column":0},"end":{"line":106,"column":60}},"106":{"start":{"line":107,"column":0},"end":{"line":107,"column":23}},"107":{"start":{"line":108,"column":0},"end":{"line":108,"column":36}},"108":{"start":{"line":109,"column":0},"end":{"line":109,"column":40}},"109":{"start":{"line":110,"column":0},"end":{"line":110,"column":13}},"110":{"start":{"line":111,"column":0},"end":{"line":111,"column":9}},"112":{"start":{"line":113,"column":0},"end":{"line":113,"column":29}},"113":{"start":{"line":114,"column":0},"end":{"line":114,"column":41}},"114":{"start":{"line":115,"column":0},"end":{"line":115,"column":40}},"115":{"start":{"line":116,"column":0},"end":{"line":116,"column":38}},"116":{"start":{"line":117,"column":0},"end":{"line":117,"column":33}},"117":{"start":{"line":118,"column":0},"end":{"line":118,"column":11}},"119":{"start":{"line":120,"column":0},"end":{"line":120,"column":31}},"120":{"start":{"line":121,"column":0},"end":{"line":121,"column":36}},"121":{"start":{"line":122,"column":0},"end":{"line":122,"column":45}},"122":{"start":{"line":123,"column":0},"end":{"line":123,"column":53}},"123":{"start":{"line":124,"column":0},"end":{"line":124,"column":38}},"124":{"start":{"line":125,"column":0},"end":{"line":125,"column":15}},"125":{"start":{"line":126,"column":0},"end":{"line":126,"column":9}},"127":{"start":{"line":128,"column":0},"end":{"line":128,"column":18}},"128":{"start":{"line":129,"column":0},"end":{"line":129,"column":44}},"129":{"start":{"line":130,"column":0},"end":{"line":130,"column":43}},"130":{"start":{"line":131,"column":0},"end":{"line":131,"column":39}},"131":{"start":{"line":132,"column":0},"end":{"line":132,"column":33}},"132":{"start":{"line":133,"column":0},"end":{"line":133,"column":43}},"133":{"start":{"line":134,"column":0},"end":{"line":134,"column":51}},"134":{"start":{"line":135,"column":0},"end":{"line":135,"column":41}},"135":{"start":{"line":136,"column":0},"end":{"line":136,"column":46}},"136":{"start":{"line":137,"column":0},"end":{"line":137,"column":36}},"137":{"start":{"line":138,"column":0},"end":{"line":138,"column":7}},"138":{"start":{"line":139,"column":0},"end":{"line":139,"column":1}},"140":{"start":{"line":141,"column":0},"end":{"line":141,"column":37}},"141":{"start":{"line":142,"column":0},"end":{"line":142,"column":31}},"142":{"start":{"line":143,"column":0},"end":{"line":143,"column":40}},"143":{"start":{"line":144,"column":0},"end":{"line":144,"column":39}},"144":{"start":{"line":145,"column":0},"end":{"line":145,"column":35}},"145":{"start":{"line":146,"column":0},"end":{"line":146,"column":29}},"146":{"start":{"line":147,"column":0},"end":{"line":147,"column":39}},"147":{"start":{"line":148,"column":0},"end":{"line":148,"column":47}},"148":{"start":{"line":149,"column":0},"end":{"line":149,"column":37}},"149":{"start":{"line":150,"column":0},"end":{"line":150,"column":42}},"150":{"start":{"line":151,"column":0},"end":{"line":151,"column":32}},"151":{"start":{"line":152,"column":0},"end":{"line":152,"column":1}}},"s":{"0":1,"4":1,"5":1,"6":1,"7":1,"8":1,"9":1,"10":1,"11":1,"12":1,"13":1,"14":1,"15":1,"17":1,"19":1,"20":10,"21":10,"22":10,"24":10,"25":10,"26":2,"27":2,"28":1,"29":1,"30":1,"31":1,"32":1,"33":1,"34":1,"35":1,"36":1,"37":1,"38":1,"39":1,"40":1,"41":1,"42":1,"43":1,"44":0,"45":0,"46":0,"48":2,"49":2,"50":2,"51":2,"52":2,"53":2,"54":2,"55":2,"56":10,"57":8,"58":8,"60":8,"61":8,"62":8,"63":8,"64":8,"65":8,"66":8,"67":8,"68":8,"69":8,"70":10,"71":10,"73":1,"74":0,"75":0,"76":0,"77":0,"78":0,"79":0,"80":0,"81":0,"83":1,"84":13,"86":12,"87":12,"88":12,"90":12,"91":5,"92":5,"94":12,"95":3,"96":3,"98":12,"99":2,"100":2,"101":2,"102":2,"103":12,"104":10,"105":10,"106":1,"107":1,"108":1,"109":1,"110":10,"112":12,"113":12,"114":12,"115":12,"116":12,"117":12,"119":12,"120":3,"121":3,"122":3,"123":3,"124":3,"125":3,"127":12,"128":12,"129":12,"130":12,"131":12,"132":12,"133":12,"134":12,"135":12,"136":12,"137":12,"138":12,"140":1,"141":0,"142":0,"143":0,"144":0,"145":0,"146":0,"147":0,"148":0,"149":0,"150":0,"151":0},"branchMap":{"0":{"type":"branch","line":18,"loc":{"start":{"line":18,"column":42},"end":{"line":18,"column":88}},"locations":[{"start":{"line":18,"column":42},"end":{"line":18,"column":88}}]},"1":{"type":"branch","line":20,"loc":{"start":{"line":20,"column":7},"end":{"line":72,"column":1}},"locations":[{"start":{"line":20,"column":7},"end":{"line":72,"column":1}}]},"2":{"type":"branch","line":21,"loc":{"start":{"line":21,"column":10},"end":{"line":71,"column":5}},"locations":[{"start":{"line":21,"column":10},"end":{"line":71,"column":5}}]},"3":{"type":"branch","line":26,"loc":{"start":{"line":26,"column":19},"end":{"line":57,"column":9}},"locations":[{"start":{"line":26,"column":19},"end":{"line":57,"column":9}}]},"4":{"type":"branch","line":28,"loc":{"start":{"line":28,"column":55},"end":{"line":47,"column":13}},"locations":[{"start":{"line":28,"column":55},"end":{"line":47,"column":13}}]},"5":{"type":"branch","line":42,"loc":{"start":{"line":42,"column":50},"end":{"line":42,"column":58}},"locations":[{"start":{"line":42,"column":50},"end":{"line":42,"column":58}}]},"6":{"type":"branch","line":44,"loc":{"start":{"line":44,"column":13},"end":{"line":47,"column":13}},"locations":[{"start":{"line":44,"column":13},"end":{"line":47,"column":13}}]},"7":{"type":"branch","line":49,"loc":{"start":{"line":49,"column":50},"end":{"line":49,"column":54}},"locations":[{"start":{"line":49,"column":50},"end":{"line":49,"column":54}}]},"8":{"type":"branch","line":54,"loc":{"start":{"line":54,"column":48},"end":{"line":54,"column":53}},"locations":[{"start":{"line":54,"column":48},"end":{"line":54,"column":53}}]},"9":{"type":"branch","line":57,"loc":{"start":{"line":57,"column":9},"end":{"line":70,"column":9}},"locations":[{"start":{"line":57,"column":9},"end":{"line":70,"column":9}}]},"10":{"type":"branch","line":84,"loc":{"start":{"line":84,"column":7},"end":{"line":139,"column":1}},"locations":[{"start":{"line":84,"column":7},"end":{"line":139,"column":1}}]},"11":{"type":"branch","line":85,"loc":{"start":{"line":85,"column":26},"end":{"line":85,"column":33}},"locations":[{"start":{"line":85,"column":26},"end":{"line":85,"column":33}}]},"12":{"type":"branch","line":85,"loc":{"start":{"line":85,"column":32},"end":{"line":139,"column":1}},"locations":[{"start":{"line":85,"column":32},"end":{"line":139,"column":1}}]},"13":{"type":"branch","line":87,"loc":{"start":{"line":87,"column":10},"end":{"line":138,"column":5}},"locations":[{"start":{"line":87,"column":10},"end":{"line":138,"column":5}}]},"14":{"type":"branch","line":91,"loc":{"start":{"line":91,"column":26},"end":{"line":93,"column":9}},"locations":[{"start":{"line":91,"column":26},"end":{"line":93,"column":9}}]},"15":{"type":"branch","line":95,"loc":{"start":{"line":95,"column":25},"end":{"line":97,"column":9}},"locations":[{"start":{"line":95,"column":25},"end":{"line":97,"column":9}}]},"16":{"type":"branch","line":99,"loc":{"start":{"line":99,"column":25},"end":{"line":99,"column":39}},"locations":[{"start":{"line":99,"column":25},"end":{"line":99,"column":39}}]},"17":{"type":"branch","line":99,"loc":{"start":{"line":99,"column":41},"end":{"line":104,"column":9}},"locations":[{"start":{"line":99,"column":41},"end":{"line":104,"column":9}}]},"18":{"type":"branch","line":104,"loc":{"start":{"line":104,"column":9},"end":{"line":111,"column":9}},"locations":[{"start":{"line":104,"column":9},"end":{"line":111,"column":9}}]},"19":{"type":"branch","line":106,"loc":{"start":{"line":106,"column":59},"end":{"line":110,"column":13}},"locations":[{"start":{"line":106,"column":59},"end":{"line":110,"column":13}}]},"20":{"type":"branch","line":120,"loc":{"start":{"line":120,"column":30},"end":{"line":126,"column":9}},"locations":[{"start":{"line":120,"column":30},"end":{"line":126,"column":9}}]},"21":{"type":"branch","line":123,"loc":{"start":{"line":123,"column":36},"end":{"line":123,"column":43}},"locations":[{"start":{"line":123,"column":36},"end":{"line":123,"column":43}}]},"22":{"type":"branch","line":123,"loc":{"start":{"line":123,"column":44},"end":{"line":123,"column":52}},"locations":[{"start":{"line":123,"column":44},"end":{"line":123,"column":52}}]}},"b":{"0":[1],"1":[10],"2":[10],"3":[2],"4":[1],"5":[0],"6":[0],"7":[0],"8":[1],"9":[8],"10":[13],"11":[1],"12":[12],"13":[12],"14":[5],"15":[3],"16":[5],"17":[2],"18":[10],"19":[1],"20":[3],"21":[2],"22":[1]},"fnMap":{"0":{"name":"initGame","decl":{"start":{"line":20,"column":7},"end":{"line":72,"column":1}},"loc":{"start":{"line":20,"column":7},"end":{"line":72,"column":1}},"line":20},"1":{"name":"showMessage","decl":{"start":{"line":74,"column":7},"end":{"line":82,"column":1}},"loc":{"start":{"line":74,"column":7},"end":{"line":82,"column":1}},"line":74},"2":{"name":"submitGuess","decl":{"start":{"line":84,"column":7},"end":{"line":139,"column":1}},"loc":{"start":{"line":84,"column":7},"end":{"line":139,"column":1}},"line":84},"3":{"name":"markConfettiShown","decl":{"start":{"line":141,"column":7},"end":{"line":152,"column":1}},"loc":{"start":{"line":141,"column":7},"end":{"line":152,"column":1}},"line":141}},"f":{"0":10,"1":0,"2":13,"3":0}}
,"/Users/spencer.anderson/projects/scriptdle/src/utils/completionTracker.js": {"path":"/Users/spencer.anderson/projects/scriptdle/src/utils/completionTracker.js","all":false,"statementMap":{"0":{"start":{"line":1,"column":0},"end":{"line":1,"column":68}},"2":{"start":{"line":3,"column":0},"end":{"line":3,"column":39}},"4":{"start":{"line":5,"column":0},"end":{"line":5,"column":39}},"5":{"start":{"line":6,"column":0},"end":{"line":6,"column":33}},"6":{"start":{"line":7,"column":0},"end":{"line":7,"column":37}},"7":{"start":{"line":8,"column":0},"end":{"line":8,"column":1}},"9":{"start":{"line":10,"column":0},"end":{"line":10,"column":44}},"10":{"start":{"line":11,"column":0},"end":{"line":11,"column":49}},"11":{"start":{"line":12,"column":0},"end":{"line":12,"column":36}},"13":{"start":{"line":14,"column":0},"end":{"line":14,"column":52}},"14":{"start":{"line":15,"column":0},"end":{"line":15,"column":35}},"15":{"start":{"line":16,"column":0},"end":{"line":16,"column":52}},"16":{"start":{"line":17,"column":0},"end":{"line":17,"column":59}},"18":{"start":{"line":19,"column":0},"end":{"line":19,"column":45}},"19":{"start":{"line":20,"column":0},"end":{"line":20,"column":18}},"20":{"start":{"line":21,"column":0},"end":{"line":21,"column":29}},"21":{"start":{"line":22,"column":0},"end":{"line":22,"column":23}},"22":{"start":{"line":23,"column":0},"end":{"line":23,"column":34}},"23":{"start":{"line":24,"column":0},"end":{"line":24,"column":36}},"24":{"start":{"line":25,"column":0},"end":{"line":25,"column":41}},"25":{"start":{"line":26,"column":0},"end":{"line":26,"column":12}},"26":{"start":{"line":27,"column":0},"end":{"line":27,"column":9}},"27":{"start":{"line":28,"column":0},"end":{"line":28,"column":7}},"28":{"start":{"line":29,"column":0},"end":{"line":29,"column":5}},"29":{"start":{"line":30,"column":0},"end":{"line":30,"column":3}},"31":{"start":{"line":32,"column":0},"end":{"line":32,"column":14}},"32":{"start":{"line":33,"column":0},"end":{"line":33,"column":1}},"34":{"start":{"line":35,"column":0},"end":{"line":35,"column":37}},"35":{"start":{"line":36,"column":0},"end":{"line":36,"column":25}},"37":{"start":{"line":38,"column":0},"end":{"line":38,"column":49}},"38":{"start":{"line":39,"column":0},"end":{"line":39,"column":36}},"40":{"start":{"line":41,"column":0},"end":{"line":41,"column":52}},"41":{"start":{"line":42,"column":0},"end":{"line":42,"column":35}},"42":{"start":{"line":43,"column":0},"end":{"line":43,"column":31}},"43":{"start":{"line":44,"column":0},"end":{"line":44,"column":32}},"44":{"start":{"line":45,"column":0},"end":{"line":45,"column":30}},"45":{"start":{"line":46,"column":0},"end":{"line":46,"column":59}},"47":{"start":{"line":48,"column":0},"end":{"line":48,"column":45}},"48":{"start":{"line":49,"column":0},"end":{"line":49,"column":28}},"49":{"start":{"line":50,"column":0},"end":{"line":50,"column":19}},"50":{"start":{"line":51,"column":0},"end":{"line":51,"column":17}},"51":{"start":{"line":52,"column":0},"end":{"line":52,"column":34}},"52":{"start":{"line":53,"column":0},"end":{"line":53,"column":36}},"53":{"start":{"line":54,"column":0},"end":{"line":54,"column":41}},"54":{"start":{"line":55,"column":0},"end":{"line":55,"column":13}},"55":{"start":{"line":56,"column":0},"end":{"line":56,"column":9}},"56":{"start":{"line":57,"column":0},"end":{"line":57,"column":7}},"57":{"start":{"line":58,"column":0},"end":{"line":58,"column":5}},"58":{"start":{"line":59,"column":0},"end":{"line":59,"column":3}},"60":{"start":{"line":61,"column":0},"end":{"line":61,"column":78}},"61":{"start":{"line":62,"column":0},"end":{"line":62,"column":21}},"62":{"start":{"line":63,"column":0},"end":{"line":63,"column":1}},"64":{"start":{"line":65,"column":0},"end":{"line":65,"column":40}},"65":{"start":{"line":66,"column":0},"end":{"line":66,"column":42}},"66":{"start":{"line":67,"column":0},"end":{"line":67,"column":20}},"68":{"start":{"line":69,"column":0},"end":{"line":69,"column":37}},"69":{"start":{"line":70,"column":0},"end":{"line":70,"column":35}},"70":{"start":{"line":71,"column":0},"end":{"line":71,"column":35}},"71":{"start":{"line":72,"column":0},"end":{"line":72,"column":5}},"72":{"start":{"line":73,"column":0},"end":{"line":73,"column":45}},"73":{"start":{"line":74,"column":0},"end":{"line":74,"column":5}},"75":{"start":{"line":76,"column":0},"end":{"line":76,"column":16}},"76":{"start":{"line":77,"column":0},"end":{"line":77,"column":1}},"78":{"start":{"line":79,"column":0},"end":{"line":79,"column":29}},"79":{"start":{"line":80,"column":0},"end":{"line":80,"column":42}},"80":{"start":{"line":81,"column":0},"end":{"line":81,"column":33}},"81":{"start":{"line":82,"column":0},"end":{"line":82,"column":13}},"82":{"start":{"line":83,"column":0},"end":{"line":83,"column":3}},"84":{"start":{"line":85,"column":0},"end":{"line":85,"column":56}},"85":{"start":{"line":86,"column":0},"end":{"line":86,"column":96}},"87":{"start":{"line":88,"column":0},"end":{"line":88,"column":17}},"88":{"start":{"line":89,"column":0},"end":{"line":89,"column":33}},"89":{"start":{"line":90,"column":0},"end":{"line":90,"column":40}},"91":{"start":{"line":92,"column":0},"end":{"line":92,"column":48}},"92":{"start":{"line":93,"column":0},"end":{"line":93,"column":155}},"94":{"start":{"line":95,"column":0},"end":{"line":95,"column":31}},"95":{"start":{"line":96,"column":0},"end":{"line":96,"column":15}},"96":{"start":{"line":97,"column":0},"end":{"line":97,"column":29}},"97":{"start":{"line":98,"column":0},"end":{"line":98,"column":49}},"98":{"start":{"line":99,"column":0},"end":{"line":99,"column":55}},"99":{"start":{"line":100,"column":0},"end":{"line":100,"column":64}},"100":{"start":{"line":101,"column":0},"end":{"line":101,"column":12}},"101":{"start":{"line":102,"column":0},"end":{"line":102,"column":12}},"102":{"start":{"line":103,"column":0},"end":{"line":103,"column":25}},"103":{"start":{"line":104,"column":0},"end":{"line":104,"column":12}},"104":{"start":{"line":105,"column":0},"end":{"line":105,"column":5}},"105":{"start":{"line":106,"column":0},"end":{"line":106,"column":3}},"107":{"start":{"line":108,"column":0},"end":{"line":108,"column":16}},"108":{"start":{"line":109,"column":0},"end":{"line":109,"column":1}},"110":{"start":{"line":111,"column":0},"end":{"line":111,"column":40}},"111":{"start":{"line":112,"column":0},"end":{"line":112,"column":42}},"112":{"start":{"line":113,"column":0},"end":{"line":113,"column":20}},"114":{"start":{"line":115,"column":0},"end":{"line":115,"column":37}},"115":{"start":{"line":116,"column":0},"end":{"line":116,"column":37}},"116":{"start":{"line":117,"column":0},"end":{"line":117,"column":35}},"117":{"start":{"line":118,"column":0},"end":{"line":118,"column":17}},"118":{"start":{"line":119,"column":0},"end":{"line":119,"column":16}},"119":{"start":{"line":120,"column":0},"end":{"line":120,"column":18}},"120":{"start":{"line":121,"column":0},"end":{"line":121,"column":23}},"121":{"start":{"line":122,"column":0},"end":{"line":122,"column":8}},"122":{"start":{"line":123,"column":0},"end":{"line":123,"column":5}},"124":{"start":{"line":125,"column":0},"end":{"line":125,"column":38}},"125":{"start":{"line":126,"column":0},"end":{"line":126,"column":29}},"126":{"start":{"line":127,"column":0},"end":{"line":127,"column":39}},"127":{"start":{"line":128,"column":0},"end":{"line":128,"column":12}},"128":{"start":{"line":129,"column":0},"end":{"line":129,"column":41}},"129":{"start":{"line":130,"column":0},"end":{"line":130,"column":5}},"130":{"start":{"line":131,"column":0},"end":{"line":131,"column":59}},"131":{"start":{"line":132,"column":0},"end":{"line":132,"column":5}},"133":{"start":{"line":134,"column":0},"end":{"line":134,"column":16}},"134":{"start":{"line":135,"column":0},"end":{"line":135,"column":1}}},"s":{"0":1,"2":1,"4":1,"5":1,"6":1,"7":1,"9":1,"10":4,"11":3,"13":3,"14":3,"15":3,"16":3,"18":3,"19":2,"20":2,"21":2,"22":2,"23":2,"24":2,"25":2,"26":2,"27":3,"28":3,"29":3,"31":2,"32":2,"34":1,"35":8,"37":8,"38":15,"40":15,"41":15,"42":15,"43":15,"44":15,"45":15,"47":15,"48":15,"49":15,"50":15,"51":15,"52":15,"53":15,"54":15,"55":15,"56":15,"57":15,"58":15,"60":8,"61":8,"62":8,"64":1,"65":1,"66":1,"68":1,"69":3,"70":2,"71":2,"72":3,"73":1,"75":1,"76":1,"78":1,"79":4,"80":4,"81":1,"82":1,"84":3,"85":3,"87":3,"88":3,"89":3,"91":4,"92":6,"94":6,"95":5,"96":5,"97":5,"98":6,"99":0,"100":0,"101":1,"102":1,"103":1,"104":1,"105":6,"107":3,"108":3,"110":1,"111":1,"112":1,"114":1,"115":3,"116":2,"117":2,"118":2,"119":2,"120":2,"121":2,"122":2,"124":3,"125":3,"126":2,"127":3,"128":1,"129":1,"130":3,"131":1,"133":1,"134":1},"branchMap":{"0":{"type":"branch","line":5,"loc":{"start":{"line":5,"column":7},"end":{"line":8,"column":1}},"locations":[{"start":{"line":5,"column":7},"end":{"line":8,"column":1}}]},"1":{"type":"branch","line":10,"loc":{"start":{"line":10,"column":7},"end":{"line":33,"column":1}},"locations":[{"start":{"line":10,"column":7},"end":{"line":33,"column":1}}]},"2":{"type":"branch","line":11,"loc":{"start":{"line":11,"column":48},"end":{"line":30,"column":3}},"locations":[{"start":{"line":11,"column":48},"end":{"line":30,"column":3}}]},"3":{"type":"branch","line":19,"loc":{"start":{"line":19,"column":44},"end":{"line":27,"column":9}},"locations":[{"start":{"line":19,"column":44},"end":{"line":27,"column":9}}]},"4":{"type":"branch","line":30,"loc":{"start":{"line":30,"column":2},"end":{"line":33,"column":1}},"locations":[{"start":{"line":30,"column":2},"end":{"line":33,"column":1}}]},"5":{"type":"branch","line":35,"loc":{"start":{"line":35,"column":7},"end":{"line":63,"column":1}},"locations":[{"start":{"line":35,"column":7},"end":{"line":63,"column":1}}]},"6":{"type":"branch","line":38,"loc":{"start":{"line":38,"column":48},"end":{"line":59,"column":3}},"locations":[{"start":{"line":38,"column":48},"end":{"line":59,"column":3}}]},"7":{"type":"branch","line":61,"loc":{"start":{"line":61,"column":19},"end":{"line":61,"column":76}},"locations":[{"start":{"line":61,"column":19},"end":{"line":61,"column":76}}]},"8":{"type":"branch","line":65,"loc":{"start":{"line":65,"column":7},"end":{"line":77,"column":1}},"locations":[{"start":{"line":65,"column":7},"end":{"line":77,"column":1}}]},"9":{"type":"branch","line":69,"loc":{"start":{"line":69,"column":22},"end":{"line":74,"column":3}},"locations":[{"start":{"line":69,"column":22},"end":{"line":74,"column":3}}]},"10":{"type":"branch","line":70,"loc":{"start":{"line":70,"column":34},"end":{"line":72,"column":5}},"locations":[{"start":{"line":70,"column":34},"end":{"line":72,"column":5}}]},"11":{"type":"branch","line":79,"loc":{"start":{"line":79,"column":7},"end":{"line":109,"column":1}},"locations":[{"start":{"line":79,"column":7},"end":{"line":109,"column":1}}]},"12":{"type":"branch","line":81,"loc":{"start":{"line":81,"column":32},"end":{"line":83,"column":3}},"locations":[{"start":{"line":81,"column":32},"end":{"line":83,"column":3}}]},"13":{"type":"branch","line":83,"loc":{"start":{"line":83,"column":2},"end":{"line":92,"column":47}},"locations":[{"start":{"line":83,"column":2},"end":{"line":92,"column":47}}]},"14":{"type":"branch","line":92,"loc":{"start":{"line":92,"column":47},"end":{"line":106,"column":3}},"locations":[{"start":{"line":92,"column":47},"end":{"line":106,"column":3}}]},"15":{"type":"branch","line":95,"loc":{"start":{"line":95,"column":30},"end":{"line":99,"column":5}},"locations":[{"start":{"line":95,"column":30},"end":{"line":99,"column":5}}]},"16":{"type":"branch","line":99,"loc":{"start":{"line":99,"column":5},"end":{"line":105,"column":5}},"locations":[{"start":{"line":99,"column":5},"end":{"line":105,"column":5}}]},"17":{"type":"branch","line":99,"loc":{"start":{"line":99,"column":23},"end":{"line":99,"column":52}},"locations":[{"start":{"line":99,"column":23},"end":{"line":99,"column":52}}]},"18":{"type":"branch","line":99,"loc":{"start":{"line":99,"column":54},"end":{"line":102,"column":5}},"locations":[{"start":{"line":99,"column":54},"end":{"line":102,"column":5}}]},"19":{"type":"branch","line":106,"loc":{"start":{"line":106,"column":2},"end":{"line":109,"column":1}},"locations":[{"start":{"line":106,"column":2},"end":{"line":109,"column":1}}]},"20":{"type":"branch","line":85,"loc":{"start":{"line":85,"column":42},"end":{"line":85,"column":53}},"locations":[{"start":{"line":85,"column":42},"end":{"line":85,"column":53}}]},"21":{"type":"branch","line":86,"loc":{"start":{"line":86,"column":47},"end":{"line":86,"column":94}},"locations":[{"start":{"line":86,"column":47},"end":{"line":86,"column":94}}]},"22":{"type":"branch","line":111,"loc":{"start":{"line":111,"column":7},"end":{"line":135,"column":1}},"locations":[{"start":{"line":111,"column":7},"end":{"line":135,"column":1}}]},"23":{"type":"branch","line":115,"loc":{"start":{"line":115,"column":22},"end":{"line":132,"column":3}},"locations":[{"start":{"line":115,"column":22},"end":{"line":132,"column":3}}]},"24":{"type":"branch","line":116,"loc":{"start":{"line":116,"column":36},"end":{"line":123,"column":5}},"locations":[{"start":{"line":116,"column":36},"end":{"line":123,"column":5}}]},"25":{"type":"branch","line":126,"loc":{"start":{"line":126,"column":28},"end":{"line":128,"column":5}},"locations":[{"start":{"line":126,"column":28},"end":{"line":128,"column":5}}]},"26":{"type":"branch","line":128,"loc":{"start":{"line":128,"column":5},"end":{"line":130,"column":5}},"locations":[{"start":{"line":128,"column":5},"end":{"line":130,"column":5}}]}},"b":{"0":[1],"1":[4],"2":[3],"3":[2],"4":[2],"5":[8],"6":[15],"7":[13],"8":[1],"9":[3],"10":[2],"11":[4],"12":[1],"13":[3],"14":[6],"15":[5],"16":[1],"17":[0],"18":[0],"19":[3],"20":[6],"21":[3],"22":[1],"23":[3],"24":[2],"25":[2],"26":[1]},"fnMap":{"0":{"name":"getTodaysCompletion","decl":{"start":{"line":5,"column":7},"end":{"line":8,"column":1}},"loc":{"start":{"line":5,"column":7},"end":{"line":8,"column":1}},"line":5},"1":{"name":"getCompletionForDate","decl":{"start":{"line":10,"column":7},"end":{"line":33,"column":1}},"loc":{"start":{"line":10,"column":7},"end":{"line":33,"column":1}},"line":10},"2":{"name":"getAllCompletions","decl":{"start":{"line":35,"column":7},"end":{"line":63,"column":1}},"loc":{"start":{"line":35,"column":7},"end":{"line":63,"column":1}},"line":35},"3":{"name":"getCompletionsByDate","decl":{"start":{"line":65,"column":7},"end":{"line":77,"column":1}},"loc":{"start":{"line":65,"column":7},"end":{"line":77,"column":1}},"line":65},"4":{"name":"getStreak","decl":{"start":{"line":79,"column":7},"end":{"line":109,"column":1}},"loc":{"start":{"line":79,"column":7},"end":{"line":109,"column":1}},"line":79},"5":{"name":"getCompletionsByPack","decl":{"start":{"line":111,"column":7},"end":{"line":135,"column":1}},"loc":{"start":{"line":111,"column":7},"end":{"line":135,"column":1}},"line":111}},"f":{"0":1,"1":4,"2":8,"3":1,"4":4,"5":1}}
,"/Users/spencer.anderson/projects/scriptdle/src/utils/time.js": {"path":"/Users/spencer.anderson/projects/scriptdle/src/utils/time.js","all":false,"statementMap":{"0":{"start":{"line":1,"column":0},"end":{"line":1,"column":34}},"1":{"start":{"line":2,"column":0},"end":{"line":2,"column":41}},"2":{"start":{"line":3,"column":0},"end":{"line":3,"column":1}},"4":{"start":{"line":5,"column":0},"end":{"line":5,"column":41}},"5":{"start":{"line":6,"column":0},"end":{"line":6,"column":36}},"6":{"start":{"line":7,"column":0},"end":{"line":7,"column":63}},"7":{"start":{"line":8,"column":0},"end":{"line":8,"column":56}},"8":{"start":{"line":9,"column":0},"end":{"line":9,"column":37}},"9":{"start":{"line":10,"column":0},"end":{"line":10,"column":1}},"11":{"start":{"line":12,"column":0},"end":{"line":12,"column":41}},"12":{"start":{"line":13,"column":0},"end":{"line":13,"column":62}},"13":{"start":{"line":14,"column":0},"end":{"line":14,"column":42}},"14":{"start":{"line":15,"column":0},"end":{"line":15,"column":1}},"16":{"start":{"line":17,"column":0},"end":{"line":17,"column":40}},"17":{"start":{"line":18,"column":0},"end":{"line":18,"column":27}},"18":{"start":{"line":19,"column":0},"end":{"line":19,"column":35}},"19":{"start":{"line":20,"column":0},"end":{"line":20,"column":35}},"21":{"start":{"line":22,"column":0},"end":{"line":22,"column":32}},"22":{"start":{"line":23,"column":0},"end":{"line":23,"column":73}},"24":{"start":{"line":25,"column":0},"end":{"line":25,"column":61}},"25":{"start":{"line":26,"column":0},"end":{"line":26,"column":58}},"26":{"start":{"line":27,"column":0},"end":{"line":27,"column":51}},"28":{"start":{"line":29,"column":0},"end":{"line":29,"column":52}},"29":{"start":{"line":30,"column":0},"end":{"line":30,"column":1}},"31":{"start":{"line":32,"column":0},"end":{"line":32,"column":40}},"32":{"start":{"line":33,"column":0},"end":{"line":33,"column":27}},"33":{"start":{"line":34,"column":0},"end":{"line":34,"column":35}},"34":{"start":{"line":35,"column":0},"end":{"line":35,"column":35}},"36":{"start":{"line":37,"column":0},"end":{"line":37,"column":42}},"38":{"start":{"line":39,"column":0},"end":{"line":39,"column":55}},"39":{"start":{"line":40,"column":0},"end":{"line":40,"column":22}},"40":{"start":{"line":41,"column":0},"end":{"line":41,"column":19}},"41":{"start":{"line":42,"column":0},"end":{"line":42,"column":35}},"42":{"start":{"line":43,"column":0},"end":{"line":43,"column":31}},"43":{"start":{"line":44,"column":0},"end":{"line":44,"column":30}},"44":{"start":{"line":45,"column":0},"end":{"line":45,"column":1}}},"s":{"0":1,"1":5,"2":5,"4":1,"5":9,"6":9,"7":9,"8":9,"9":9,"11":1,"12":38,"13":38,"14":38,"16":1,"17":3,"18":3,"19":3,"21":3,"22":3,"24":3,"25":3,"26":3,"28":3,"29":3,"31":1,"32":0,"33":0,"34":0,"36":0,"38":0,"39":0,"40":0,"41":0,"42":0,"43":0,"44":0},"branchMap":{"0":{"type":"branch","line":1,"loc":{"start":{"line":1,"column":7},"end":{"line":3,"column":1}},"locations":[{"start":{"line":1,"column":7},"end":{"line":3,"column":1}}]},"1":{"type":"branch","line":5,"loc":{"start":{"line":5,"column":7},"end":{"line":10,"column":1}},"locations":[{"start":{"line":5,"column":7},"end":{"line":10,"column":1}}]},"2":{"type":"branch","line":12,"loc":{"start":{"line":12,"column":7},"end":{"line":15,"column":1}},"locations":[{"start":{"line":12,"column":7},"end":{"line":15,"column":1}}]},"3":{"type":"branch","line":17,"loc":{"start":{"line":17,"column":7},"end":{"line":30,"column":1}},"locations":[{"start":{"line":17,"column":7},"end":{"line":30,"column":1}}]},"4":{"type":"branch","line":23,"loc":{"start":{"line":23,"column":19},"end":{"line":23,"column":73}},"locations":[{"start":{"line":23,"column":19},"end":{"line":23,"column":73}}]}},"b":{"0":[5],"1":[9],"2":[38],"3":[3],"4":[0]},"fnMap":{"0":{"name":"getCurrentDate","decl":{"start":{"line":1,"column":7},"end":{"line":3,"column":1}},"loc":{"start":{"line":1,"column":7},"end":{"line":3,"column":1}},"line":1},"1":{"name":"formatDateToLocal","decl":{"start":{"line":5,"column":7},"end":{"line":10,"column":1}},"loc":{"start":{"line":5,"column":7},"end":{"line":10,"column":1}},"line":5},"2":{"name":"parseLocalDate","decl":{"start":{"line":12,"column":7},"end":{"line":15,"column":1}},"loc":{"start":{"line":12,"column":7},"end":{"line":15,"column":1}},"line":12},"3":{"name":"getTimeUntilMidnight","decl":{"start":{"line":17,"column":7},"end":{"line":30,"column":1}},"loc":{"start":{"line":17,"column":7},"end":{"line":30,"column":1}},"line":17},"4":{"name":"onDateChange","decl":{"start":{"line":32,"column":7},"end":{"line":45,"column":1}},"loc":{"start":{"line":32,"column":7},"end":{"line":45,"column":1}},"line":32}},"f":{"0":5,"1":9,"2":38,"3":3,"4":0}}
}
